<?xml version="1.0" encoding="UTF-8"?>
<testng-results ignored="0" total="1" passed="1" failed="0" skipped="0">
  <reporter-output>
  </reporter-output>
  <suite started-at="2020-02-17T18:59:30 IST" name="Default suite" finished-at="2020-02-17T18:59:34 IST" duration-ms="4302">
    <groups>
    </groups>
    <test started-at="2020-02-17T18:59:30 IST" name="Default test" finished-at="2020-02-17T18:59:34 IST" duration-ms="4302">
      <class name="rest.basics2">
        <test-method signature="postData()[pri:0, instance:rest.basics2@5609159b]" started-at="2020-02-17T18:59:30 IST" name="postData" finished-at="2020-02-17T18:59:34 IST" duration-ms="4237" status="PASS">
          <reporter-output>
          </reporter-output>
        </test-method> <!-- postData -->
      </class> <!-- rest.basics2 -->
    </test> <!-- Default test -->
  </suite> <!-- Default suite -->
</testng-results>
